<?xml version="1.0" encoding="UTF-8"?>
<testng-results ignored="0" total="1" passed="1" failed="0" skipped="0">
  <reporter-output>
  </reporter-output>
  <suite started-at="2025-02-06T17:05:24 EST" name="Default suite" finished-at="2025-02-06T17:05:24 EST" duration-ms="63">
    <groups>
    </groups>
    <test started-at="2025-02-06T17:05:24 EST" name="Default test" finished-at="2025-02-06T17:05:24 EST" duration-ms="63">
      <class name="ChromeDevToolsProtocol.ChromeDevTools.App">
        <test-method signature="AppTest()[pri:0, instance:ChromeDevToolsProtocol.ChromeDevTools.App@77fbd92c]" started-at="2025-02-06T17:05:24 EST" name="AppTest" finished-at="2025-02-06T17:05:24 EST" duration-ms="11" status="PASS">
          <reporter-output>
          </reporter-output>
        </test-method> <!-- AppTest -->
      </class> <!-- ChromeDevToolsProtocol.ChromeDevTools.App -->
    </test> <!-- Default test -->
  </suite> <!-- Default suite -->
</testng-results>
